
=== Mon Dec 17 18:23:59 2018

Packages were changed.
Update Mode: updateDependencies

The following packages were added:
  com.unity.collab-proxy@1.2.15
The following packages were updated:
  com.unity.ads from version 2.0.8 to 2.3.1
  com.unity.analytics from version 2.0.16 to 3.2.2
  com.unity.package-manager-ui from version 1.9.11 to 2.0.3
  com.unity.textmeshpro from version 1.2.4 to 1.3.0

=== Thu Apr 18 19:15:08 2019

Packages were changed.
Update Mode: updateDependencies

The following packages were added:
  com.unity.timeline@1.0.0
  com.unity.multiplayer-hlapi@1.0.2
  com.unity.xr.legacyinputhelpers@2.0.2
The following packages were updated:
  com.unity.analytics from version 3.2.2 to 3.3.2
  com.unity.collab-proxy from version 1.2.15 to 1.2.16
  com.unity.package-manager-ui from version 2.0.3 to 2.1.2
  com.unity.render-pipelines.core from version 4.10.0-preview to 5.7.2
  com.unity.render-pipelines.lightweight from version 4.10.0-preview to 5.7.2
  com.unity.shadergraph from version 4.10.0-preview to 5.7.2
  com.unity.textmeshpro from version 1.3.0 to 2.0.0
  com.unity.xr.oculus.standalone from version 1.29.0 to 1.29.1
  com.unity.xr.openvr.standalone from version 1.0.2 to 1.0.3

=== Thu Apr 18 20:36:58 2019

Packages were changed.
Update Mode: resetToDefaultDependencies

The following packages were added:
  com.unity.purchasing@2.0.6
  com.unity.ads@2.0.8
The following packages were removed:
  com.unity.collections@0.0.9-preview.10
  com.unity.entities@0.0.12-preview.21
  com.unity.jobs@0.0.7-preview.5
  com.unity.multiplayer-hlapi@1.0.2
  com.unity.postprocessing@2.1.5
  com.unity.render-pipelines.core@5.7.2
  com.unity.render-pipelines.lightweight@5.7.2
  com.unity.shadergraph@5.7.2
  com.unity.xr.legacyinputhelpers@2.0.2
  com.unity.xr.oculus.android@1.29.1
  com.unity.xr.oculus.standalone@1.29.1
  com.unity.xr.openvr.standalone@1.0.3
